2023-10-19T10:57:17,699+00:00 WARN i.g.a.s.s.s.SslUtils Removing SSLv3, TLSv1 and TLSv1.1 from the JDK's 'jdk.tls.disabledAlgorithms' property..
2023-10-19T10:57:18,453+00:00 INFO i.g.a.s.u.ConsoleUtils Loaded stub metadata: [GET] /hello-world
2023-10-19T10:57:18,487+00:00 INFO i.g.a.s.u.ConsoleUtils Loaded stub metadata: [GET] ^/one$ [Stub one]
2023-10-19T10:57:18,493+00:00 INFO i.g.a.s.u.ConsoleUtils Loaded stub metadata: [GET, POST] ^/two$ [Stub two]
2023-10-19T10:57:18,504+00:00 INFO i.g.a.s.u.ConsoleUtils Loaded stub metadata: [GET, POST] ^/three$
2023-10-19T10:57:18,527+00:00 INFO i.g.a.s.u.ConsoleUtils Loaded stub metadata: [GET] /with/configured/uuid/property
2023-10-19T10:57:18,543+00:00 INFO i.g.a.s.u.ConsoleUtils Loaded stub metadata: [POST] /post-body-as-json
2023-10-19T10:57:18,578+00:00 INFO i.g.a.s.u.ConsoleUtils Loaded stub metadata: [POST] /post-body-as-json-2
2023-10-19T10:57:18,589+00:00 INFO i.g.a.s.u.ConsoleUtils Loaded stub metadata: [POST] /v1/post-body-as-json-3
2023-10-19T10:57:18,626+00:00 INFO i.g.a.s.u.ConsoleUtils Loaded stub metadata: [POST] /3rd/get/account [3rd-party account service]
2023-10-19T10:57:19,693+00:00 DEBUG i.g.a.s.Main stubby4j successfully started after 2242 milliseconds.
2023-10-19T10:57:19,694+00:00 DEBUG i.g.a.s.Main Admin portal:
--------------------------------------------------------------------------------------------------------
 > http://0.0.0.0:8889		Admin portal
 > http://0.0.0.0:8889/status		Admin portal status


Available insecure endpoints:
--------------------------------------------------------------------------------------------------------
 > http://0.0.0.0:8882		HTTP/1.1 stubs portal
 > ws://0.0.0.0:8882/ws		HTTP/1.1 WebSockets stubs portal


TLS layer configuration:
--------------------------------------------------------------------------------------------------------
 > Supported TLS protocol versions: [SSLv3, TLSv1, TLSv1.3, TLSv1.2, TLSv1.1]
 > TLS layer configured using internal self-signed certificate


Available secure endpoints:
--------------------------------------------------------------------------------------------------------
 > https://0.0.0.0:7443		HTTP/1.1 over TLS stubs portal

2023-10-19T10:57:19,694+00:00 INFO i.g.a.s.Main Quit: ctrl-c
2023-10-19T10:57:22,687+00:00 INFO i.g.a.s.u.ConsoleUtils [2023-10-19 10:57:22] => HTTP GET on [/status]
2023-10-19T10:57:22,803+00:00 INFO i.g.a.s.u.ConsoleUtils [2023-10-19 10:57:22] <= 200 OK

2023-10-19T10:57:25,900+00:00 INFO i.g.a.s.u.ConsoleUtils [2023-10-19 10:57:25] => HTTP GET on [/ajax/stats/check]
2023-10-19T10:57:28,955+00:00 INFO i.g.a.s.u.ConsoleUtils [2023-10-19 10:57:28] => HTTP GET on [/ajax/stats/check]
2023-10-19T10:57:31,977+00:00 INFO i.g.a.s.u.ConsoleUtils [2023-10-19 10:57:31] => HTTP GET on [/ajax/stats/check]
2023-10-19T10:57:35,255+00:00 INFO i.g.a.s.u.ConsoleUtils [2023-10-19 10:57:35] => HTTP GET on [/ajax/stats/check]
2023-10-19T10:57:35,980+00:00 INFO i.g.a.s.u.ConsoleUtils [2023-10-19 10:57:35] => HTTP GET on [/hello-world]
2023-10-19T10:57:36,062+00:00 INFO i.g.a.s.s.StubMatcher Matched on stubbed URL [/hello-world] WITH incoming [/hello-world]
2023-10-19T10:57:36,063+00:00 INFO i.g.a.s.s.StubMatcher Matched on stubbed METHOD [[GET]] WITH incoming [[GET]]
2023-10-19T10:57:36,064+00:00 DEBUG i.g.a.s.s.StubRepository Found a stubbed match after 53 milliseconds
2023-10-19T10:57:36,075+00:00 INFO i.g.a.s.u.ConsoleUtils [2023-10-19 10:57:36] <= 200 OK

2023-10-19T10:57:37,020+00:00 INFO i.g.a.s.u.ConsoleUtils [2023-10-19 10:57:37] => HTTP GET on [/hello-world]
2023-10-19T10:57:37,027+00:00 INFO i.g.a.s.s.StubMatcher Matched on stubbed URL [/hello-world] WITH incoming [/hello-world]
2023-10-19T10:57:37,031+00:00 INFO i.g.a.s.s.StubMatcher Matched on stubbed METHOD [[GET]] WITH incoming [[GET]]
2023-10-19T10:57:37,034+00:00 DEBUG i.g.a.s.s.StubRepository Found a stubbed match after 10 milliseconds
2023-10-19T10:57:37,041+00:00 INFO i.g.a.s.u.ConsoleUtils [2023-10-19 10:57:37] <= 200 OK

2023-10-19T10:57:37,383+00:00 INFO i.g.a.s.u.ConsoleUtils [2023-10-19 10:57:37] => HTTP GET on [/hello-world]
2023-10-19T10:57:37,392+00:00 INFO i.g.a.s.s.StubMatcher Matched on stubbed URL [/hello-world] WITH incoming [/hello-world]
2023-10-19T10:57:37,396+00:00 INFO i.g.a.s.s.StubMatcher Matched on stubbed METHOD [[GET]] WITH incoming [[GET]]
2023-10-19T10:57:37,399+00:00 DEBUG i.g.a.s.s.StubRepository Found a stubbed match after 11 milliseconds
2023-10-19T10:57:37,415+00:00 INFO i.g.a.s.u.ConsoleUtils [2023-10-19 10:57:37] <= 200 OK

2023-10-19T10:57:37,622+00:00 INFO i.g.a.s.u.ConsoleUtils [2023-10-19 10:57:37] => HTTP GET on [/hello-world]
2023-10-19T10:57:37,632+00:00 INFO i.g.a.s.s.StubMatcher Matched on stubbed URL [/hello-world] WITH incoming [/hello-world]
2023-10-19T10:57:37,634+00:00 INFO i.g.a.s.s.StubMatcher Matched on stubbed METHOD [[GET]] WITH incoming [[GET]]
2023-10-19T10:57:37,635+00:00 DEBUG i.g.a.s.s.StubRepository Found a stubbed match after 5 milliseconds
2023-10-19T10:57:37,643+00:00 INFO i.g.a.s.u.ConsoleUtils [2023-10-19 10:57:37] <= 200 OK

2023-10-19T10:57:39,239+00:00 INFO i.g.a.s.u.ConsoleUtils [2023-10-19 10:57:39] => HTTP GET on [/ajax/stats/check]
2023-10-19T10:58:04,970+00:00 INFO i.g.a.s.u.ConsoleUtils [2023-10-19 10:58:04] => HTTP GET on [/with/configured/uuid/property]
2023-10-19T10:58:04,977+00:00 ERROR i.g.a.s.s.StubMatcher Failed to match on stubbed URL [/hello-world] WITH incoming [/with/configured/uuid/property]
2023-10-19T10:58:04,981+00:00 ERROR i.g.a.s.s.StubMatcher Failed to match on stubbed URL [^/one$] WITH incoming [/with/configured/uuid/property]
2023-10-19T10:58:04,983+00:00 ERROR i.g.a.s.s.StubMatcher Failed to match on stubbed URL [^/two$] WITH incoming [/with/configured/uuid/property]
2023-10-19T10:58:04,985+00:00 ERROR i.g.a.s.s.StubMatcher Failed to match on stubbed URL [^/three$] WITH incoming [/with/configured/uuid/property]
2023-10-19T10:58:04,990+00:00 INFO i.g.a.s.s.StubMatcher Matched on stubbed URL [/with/configured/uuid/property] WITH incoming [/with/configured/uuid/property]
2023-10-19T10:58:04,992+00:00 INFO i.g.a.s.s.StubMatcher Matched on stubbed METHOD [[GET]] WITH incoming [[GET]]
2023-10-19T10:58:04,993+00:00 DEBUG i.g.a.s.s.StubRepository Found a stubbed match after 20 milliseconds
2023-10-19T10:58:04,998+00:00 INFO i.g.a.s.u.ConsoleUtils [2023-10-19 10:58:04] <= 200 OK

2023-10-19T10:58:17,603+00:00 INFO i.g.a.s.u.ConsoleUtils [2023-10-19 10:58:17] => HTTP GET on [/post-body-as-json]
2023-10-19T10:58:17,607+00:00 ERROR i.g.a.s.s.StubMatcher Failed to match on stubbed URL [/hello-world] WITH incoming [/post-body-as-json]
2023-10-19T10:58:17,609+00:00 ERROR i.g.a.s.s.StubMatcher Failed to match on stubbed URL [^/one$] WITH incoming [/post-body-as-json]
2023-10-19T10:58:17,610+00:00 ERROR i.g.a.s.s.StubMatcher Failed to match on stubbed URL [^/two$] WITH incoming [/post-body-as-json]
2023-10-19T10:58:17,611+00:00 ERROR i.g.a.s.s.StubMatcher Failed to match on stubbed URL [^/three$] WITH incoming [/post-body-as-json]
2023-10-19T10:58:17,615+00:00 ERROR i.g.a.s.s.StubMatcher Failed to match on stubbed URL [/with/configured/uuid/property] WITH incoming [/post-body-as-json]
2023-10-19T10:58:17,619+00:00 INFO i.g.a.s.s.StubMatcher Matched on stubbed URL [/post-body-as-json] WITH incoming [/post-body-as-json]
2023-10-19T10:58:17,622+00:00 ERROR i.g.a.s.s.StubMatcher Failed to match on stubbed METHOD [[POST]] WITH incoming [[GET]]
2023-10-19T10:58:17,625+00:00 ERROR i.g.a.s.s.StubMatcher Failed to match on stubbed URL [/post-body-as-json-2] WITH incoming [/post-body-as-json]
2023-10-19T10:58:17,626+00:00 ERROR i.g.a.s.s.StubMatcher Failed to match on stubbed URL [/v1/post-body-as-json-3] WITH incoming [/post-body-as-json]
2023-10-19T10:58:17,628+00:00 ERROR i.g.a.s.s.StubMatcher Failed to match on stubbed URL [/3rd/get/account] WITH incoming [/post-body-as-json]
2023-10-19T10:58:17,661+00:00 ERROR i.g.a.s.u.HandlerUtils {"reason":"(404) Nothing found for GET request at URI \/post-body-as-json","headers":{"accept-language":"en-US,en;q=0.9","upgrade-insecure-requests":"1","host":"0.0.0.0:8882","connection":"keep-alive","accept-encoding":"gzip, deflate","accept":"text\/html,application\/xhtml+xml,application\/xml;q=0.9,image\/avif,image\/webp,image\/apng,*\/*;q=0.8,application\/signed-exchange;v=b3;q=0.7","user-agent":"Mozilla\/5.0 (Macintosh; Intel Mac OS X 10_15_7) AppleWebKit\/537.36 (KHTML, like Gecko) Chrome\/117.0.0.0 Safari\/537.36"},"method":"GET","url":"\/post-body-as-json"}
2023-10-19T10:58:17,663+00:00 ERROR i.g.a.s.u.ConsoleUtils [2023-10-19 10:58:17] <= 404 Not Found

